<?xml version="1.0" encoding="UTF-8"?>
<!-- Generated by org.testng.reporters.JUnitReportReporter -->
<testsuite hostname="DESKTOP-558J890" name="jUnitPlay" tests="4" failures="0" timestamp="8 Apr 2020 06:36:01 GMT" time="0.015" errors="0">
  <testcase name="playUnit2" time="0.008" classname="jUnitPlay"/>
  <testcase name="playUnit4" time="0.002" classname="jUnitPlay"/>
  <testcase name="playUnit1" time="0.003" classname="jUnitPlay"/>
  <testcase name="playUnit3" time="0.002" classname="jUnitPlay"/>
</testsuite> <!-- jUnitPlay -->
