<?xml version="1.0" encoding="UTF-8"?>
<!-- Generated by org.testng.reporters.JUnitReportReporter -->
<testsuite hostname="DESKTOP-558J890" name="Selenium.seleniumGet" tests="1" failures="0" timestamp="1 Apr 2020 07:28:29 GMT" time="19.618" errors="0">
  <testcase name="checkNavigation" time="19.618" classname="Selenium.seleniumGet"/>
</testsuite> <!-- Selenium.seleniumGet -->
