<?xml version="1.0" encoding="UTF-8"?>
<!-- Generated by org.testng.reporters.JUnitReportReporter -->
<testsuite hostname="DESKTOP-558J890" name="jUnitPlay" tests="1" failures="0" timestamp="10 Mar 2020 15:10:36 GMT" time="0.013" errors="0">
  <testcase name="playUnit3" time="0.013" classname="jUnitPlay"/>
</testsuite> <!-- jUnitPlay -->
