<?xml version="1.0" encoding="UTF-8"?>
<!-- Generated by org.testng.reporters.JUnitReportReporter -->
<testsuite hostname="DESKTOP-558J890" name="Selenium.seleniumTest3" tests="3" failures="0" timestamp="1 Apr 2020 07:33:40 GMT" time="31.140" errors="0">
  <testcase name="google" time="6.342" classname="Selenium.seleniumTest3"/>
  <testcase name="facebook" time="15.662" classname="Selenium.seleniumTest3"/>
  <testcase name="gmail" time="9.136" classname="Selenium.seleniumTest3"/>
</testsuite> <!-- Selenium.seleniumTest3 -->
